# JRE version: Java(TM) SE Runtime Environment (8.0_31-b13) (build 1.8.0_31-b13)
# Java VM: Java HotSpot(TM) 64-Bit Server VM (25.31-b07 mixed mode windows-amd64 compressed oops)
Heap:
 PSYoungGen      total 114688K, used 9407K [0x00000000d5e00000, 0x00000000e0980000, 0x0000000100000000)
  eden space 102912K, 5% used [0x00000000d5e00000,0x00000000d63302c8,0x00000000dc280000)
  from space 11776K, 34% used [0x00000000dce00000,0x00000000dd1ffcd0,0x00000000dd980000)
  to   space 11776K, 0% used [0x00000000dc280000,0x00000000dc280000,0x00000000dce00000)
 ParOldGen       total 56320K, used 13249K [0x0000000081a00000, 0x0000000085100000, 0x00000000d5e00000)
  object space 56320K, 23% used [0x0000000081a00000,0x00000000826f0628,0x0000000085100000)
 Metaspace       used 32765K, capacity 34932K, committed 35072K, reserved 1079296K
  class space    used 4612K, capacity 4999K, committed 5120K, reserved 1048576K
GC Heap History (10 events):
Event: 4.120 GC heap before
{Heap before GC invocations=6 (full 1):
 PSYoungGen      total 71680K, used 66560K [0x00000000d5e00000, 0x00000000da900000, 0x0000000100000000)
  eden space 66560K, 100% used [0x00000000d5e00000,0x00000000d9f00000,0x00000000d9f00000)
  from space 5120K, 0% used [0x00000000da400000,0x00000000da400000,0x00000000da900000)
  to   space 5120K, 0% used [0x00000000d9f00000,0x00000000d9f00000,0x00000000da400000)
 ParOldGen       total 56320K, used 7513K [0x0000000081a00000, 0x0000000085100000, 0x00000000d5e00000)
  object space 56320K, 13% used [0x0000000081a00000,0x0000000082156730,0x0000000085100000)
 Metaspace       used 24372K, capacity 25484K, committed 25728K, reserved 1071104K
  class space    used 3398K, capacity 3631K, committed 3712K, reserved 1048576K
Event: 4.129 GC heap after
Heap after GC invocations=6 (full 1):
 PSYoungGen      total 71680K, used 5110K [0x00000000d5e00000, 0x00000000dd780000, 0x0000000100000000)
  eden space 66560K, 0% used [0x00000000d5e00000,0x00000000d5e00000,0x00000000d9f00000)
  from space 5120K, 99% used [0x00000000d9f00000,0x00000000da3fd878,0x00000000da400000)
  to   space 8704K, 0% used [0x00000000dcf00000,0x00000000dcf00000,0x00000000dd780000)
 ParOldGen       total 56320K, used 9349K [0x0000000081a00000, 0x0000000085100000, 0x00000000d5e00000)
  object space 56320K, 16% used [0x0000000081a00000,0x0000000082321720,0x0000000085100000)
 Metaspace       used 24372K, capacity 25484K, committed 25728K, reserved 1071104K
  class space    used 3398K, capacity 3631K, committed 3712K, reserved 1048576K
}
Event: 12.748 GC heap before
{Heap before GC invocations=7 (full 1):
 PSYoungGen      total 71680K, used 71670K [0x00000000d5e00000, 0x00000000dd780000, 0x0000000100000000)
  eden space 66560K, 100% used [0x00000000d5e00000,0x00000000d9f00000,0x00000000d9f00000)
  from space 5120K, 99% used [0x00000000d9f00000,0x00000000da3fd878,0x00000000da400000)
  to   space 8704K, 0% used [0x00000000dcf00000,0x00000000dcf00000,0x00000000dd780000)
 ParOldGen       total 56320K, used 9349K [0x0000000081a00000, 0x0000000085100000, 0x00000000d5e00000)
  object space 56320K, 16% used [0x0000000081a00000,0x0000000082321720,0x0000000085100000)
 Metaspace       used 29261K, capacity 30912K, committed 31104K, reserved 1075200K
  class space    used 4108K, capacity 4433K, committed 4480K, reserved 1048576K
Event: 12.764 GC heap after
Heap after GC invocations=7 (full 1):
 PSYoungGen      total 111616K, used 8697K [0x00000000d5e00000, 0x00000000dd780000, 0x0000000100000000)
  eden space 102912K, 0% used [0x00000000d5e00000,0x00000000d5e00000,0x00000000dc280000)
  from space 8704K, 99% used [0x00000000dcf00000,0x00000000dd77e610,0x00000000dd780000)
  to   space 10752K, 0% used [0x00000000dc280000,0x00000000dc280000,0x00000000dcd00000)
 ParOldGen       total 56320K, used 11287K [0x0000000081a00000, 0x0000000085100000, 0x00000000d5e00000)
  object space 56320K, 20% used [0x0000000081a00000,0x0000000082505c50,0x0000000085100000)
 Metaspace       used 29261K, capacity 30912K, committed 31104K, reserved 1075200K
  class space    used 4108K, capacity 4433K, committed 4480K, reserved 1048576K
}
Event: 537.781 GC heap before
{Heap before GC invocations=8 (full 1):
 PSYoungGen      total 111616K, used 110431K [0x00000000d5e00000, 0x00000000dd780000, 0x0000000100000000)
  eden space 102912K, 98% used [0x00000000d5e00000,0x00000000dc159998,0x00000000dc280000)
  from space 8704K, 99% used [0x00000000dcf00000,0x00000000dd77e610,0x00000000dd780000)
  to   space 10752K, 0% used [0x00000000dc280000,0x00000000dc280000,0x00000000dcd00000)
 ParOldGen       total 56320K, used 11287K [0x0000000081a00000, 0x0000000085100000, 0x00000000d5e00000)
  object space 56320K, 20% used [0x0000000081a00000,0x0000000082505c50,0x0000000085100000)
 Metaspace       used 32539K, capacity 34578K, committed 34688K, reserved 1079296K
  class space    used 4571K, capacity 4926K, committed 4992K, reserved 1048576K
Event: 537.797 GC heap after
Heap after GC invocations=8 (full 1):
 PSYoungGen      total 113664K, used 9829K [0x00000000d5e00000, 0x00000000dd980000, 0x0000000100000000)
  eden space 102912K, 0% used [0x00000000d5e00000,0x00000000d5e00000,0x00000000dc280000)
  from space 10752K, 91% used [0x00000000dc280000,0x00000000dcc19608,0x00000000dcd00000)
  to   space 11776K, 0% used [0x00000000dce00000,0x00000000dce00000,0x00000000dd980000)
 ParOldGen       total 56320K, used 11295K [0x0000000081a00000, 0x0000000085100000, 0x00000000d5e00000)
  object space 56320K, 20% used [0x0000000081a00000,0x0000000082507c50,0x0000000085100000)
 Metaspace       used 32539K, capacity 34578K, committed 34688K, reserved 1079296K
  class space    used 4571K, capacity 4926K, committed 4992K, reserved 1048576K
}
Event: 537.797 GC heap before
{Heap before GC invocations=9 (full 2):
 PSYoungGen      total 113664K, used 9829K [0x00000000d5e00000, 0x00000000dd980000, 0x0000000100000000)
  eden space 102912K, 0% used [0x00000000d5e00000,0x00000000d5e00000,0x00000000dc280000)
  from space 10752K, 91% used [0x00000000dc280000,0x00000000dcc19608,0x00000000dcd00000)
  to   space 11776K, 0% used [0x00000000dce00000,0x00000000dce00000,0x00000000dd980000)
 ParOldGen       total 56320K, used 11295K [0x0000000081a00000, 0x0000000085100000, 0x00000000d5e00000)
  object space 56320K, 20% used [0x0000000081a00000,0x0000000082507c50,0x0000000085100000)
 Metaspace       used 32539K, capacity 34578K, committed 34688K, reserved 1079296K
  class space    used 4571K, capacity 4926K, committed 4992K, reserved 1048576K
Event: 537.891 GC heap after
Heap after GC invocations=9 (full 2):
 PSYoungGen      total 113664K, used 0K [0x00000000d5e00000, 0x00000000dd980000, 0x0000000100000000)
  eden space 102912K, 0% used [0x00000000d5e00000,0x00000000d5e00000,0x00000000dc280000)
  from space 10752K, 0% used [0x00000000dc280000,0x00000000dc280000,0x00000000dcd00000)
  to   space 11776K, 0% used [0x00000000dce00000,0x00000000dce00000,0x00000000dd980000)
 ParOldGen       total 56320K, used 13241K [0x0000000081a00000, 0x0000000085100000, 0x00000000d5e00000)
  object space 56320K, 23% used [0x0000000081a00000,0x00000000826ee628,0x0000000085100000)
 Metaspace       used 32535K, capacity 34572K, committed 34688K, reserved 1079296K
  class space    used 4571K, capacity 4925K, committed 4992K, reserved 1048576K
}
Event: 690.231 GC heap before
{Heap before GC invocations=10 (full 2):
 PSYoungGen      total 113664K, used 102912K [0x00000000d5e00000, 0x00000000dd980000, 0x0000000100000000)
  eden space 102912K, 100% used [0x00000000d5e00000,0x00000000dc280000,0x00000000dc280000)
  from space 10752K, 0% used [0x00000000dc280000,0x00000000dc280000,0x00000000dcd00000)
  to   space 11776K, 0% used [0x00000000dce00000,0x00000000dce00000,0x00000000dd980000)
 ParOldGen       total 56320K, used 13241K [0x0000000081a00000, 0x0000000085100000, 0x00000000d5e00000)
  object space 56320K, 23% used [0x0000000081a00000,0x00000000826ee628,0x0000000085100000)
 Metaspace       used 32752K, capacity 34932K, committed 35072K, reserved 1079296K
  class space    used 4611K, capacity 4999K, committed 5120K, reserved 1048576K
Event: 690.241 GC heap after
Heap after GC invocations=10 (full 2):
 PSYoungGen      total 114688K, used 4095K [0x00000000d5e00000, 0x00000000e0980000, 0x0000000100000000)
  eden space 102912K, 0% used [0x00000000d5e00000,0x00000000d5e00000,0x00000000dc280000)
  from space 11776K, 34% used [0x00000000dce00000,0x00000000dd1ffcd0,0x00000000dd980000)
  to   space 11776K, 0% used [0x00000000dc280000,0x00000000dc280000,0x00000000dce00000)
 ParOldGen       total 56320K, used 13249K [0x0000000081a00000, 0x0000000085100000, 0x00000000d5e00000)
  object space 56320K, 23% used [0x0000000081a00000,0x00000000826f0628,0x0000000085100000)
 Metaspace       used 32752K, capacity 34932K, committed 35072K, reserved 1079296K
  class space    used 4611K, capacity 4999K, committed 5120K, reserved 1048576K
}

